C51 COMPILER V9.60.7.0   SPIINIT                                                           04/03/2024 13:18:13 PAGE 1   


C51 COMPILER V9.60.7.0, COMPILATION OF MODULE SPIINIT
OBJECT MODULE PLACED IN .\Output\SPIInit.obj
COMPILER INVOKED BY: C:\Keil_v5\C51\BIN\C51.EXE ..\User\Source\Hardware\SPIInit.c LARGE OMF2 WARNINGLEVEL(0) OPTIMIZE(5,
                    -SPEED) BROWSE INCDIR(..\Library\FU68xx_Hardware_Driver\Include;..\User\Include) DEBUG PRINT(.\Listing\SPIInit.lst) TABS(
                    -2) OBJECT(.\Output\SPIInit.obj)

line level    source

   1          /**************************** (C) COPYRIGHT 2017 Fortiortech shenzhen *****************************
   2          * File Name          : SPIInit.c
   3          * Author             : Fortiortech  Appliction Team
   4          * Version            : V1.0
   5          * Date               : 10-Apr-2017
   6          * Description        : This file contains SPI initial function used for Motor Control.
   7          ***************************************************************************************************
   8          * All Rights Reserved
   9          **************************************************************************************************/
  10          
  11          
  12          /* Includes -------------------------------------------------------------------------------------*/
  13          #include <FU68xx_2.h>
  14          #include <Myproject.h>
  15          
  16          
  17          /*-------------------------------------------------------------------------------------------------
  18            Function Name :  void SPI_Init(void)
  19            Description   :  SPI初始化配置
  20            Input         :  输入说明（详细）
  21            Output        :  输出说明（详细）
  22          -------------------------------------------------------------------------------------------------*/
  23          void SPI_Init(void)
  24          {
  25   1        ClrBit(SPI_CR1, SPIEN);                               // 0,disable SPI;1 enable
  26   1      
  27   1      /*-------------------------------------------------------------------------------------------------
  28   1        SPI管脚配置
  29   1        1、禁止UART复用，P06配置为MISO，P05配置为MOSI
  30   1        2、禁止比较器输出复用，P07配置为SCLK
  31   1      -------------------------------------------------------------------------------------------------*/
  32   1        ClrBit(PH_SEL, UARTEN);                                 // 0,P06 as GPIO or SPI_MISO,P05 as GPIO or SPI_
             -MOSI;1,P06 and p07 as USART
  33   1      
  34   1      /*-------------------------------------------------------------------------------------------------
  35   1        SPI时钟相位/极性配置
  36   1        CPHA = 0, CPOL = 0:上升沿接收，下降沿发送，空闲电平为低
  37   1        CPHA = 0, CPOL = 1:上升沿发送，下降沿接收，空闲电平为高
  38   1        CPHA = 1, CPOL = 0:上升沿发送，下降沿接收，空闲电平为低
  39   1        CPHA = 1, CPOL = 1:上升沿接收，下降沿发送，空闲电平为高
  40   1      -------------------------------------------------------------------------------------------------*/
  41   1        SetReg(SPI_CR0, CPHA | CPOL, CPOL);
  42   1      /*-------------------------------------------------------------------------------------------------
  43   1        SPI从方式选择配置
  44   1        00：3线从方式或3线主方式，NSS信号不连到端口管脚
  45   1        01：4线从方式或4线多主方式，NSS配置为输入
  46   1        1x：4线单主方式，NSS配置为输出，NSS信号输出x电平
  47   1      -------------------------------------------------------------------------------------------------*/
  48   1        SetReg(SPI_CR1, NSSMOD0 | NSSMOD1, NSSMOD0 | NSSMOD1);
  49   1        SetBit(SPI_CR0, SPIMS);                          // 0:Slave, 1:Master
  50   1      
  51   1      /*-------------------------------------------------------------------------------------------------
  52   1        SPI中断配置
C51 COMPILER V9.60.7.0   SPIINIT                                                           04/03/2024 13:18:13 PAGE 2   

  53   1        SPIF：SPI字节传输完成中断标志，硬件置位，软件清零
  54   1        WCOL：SPI写冲突中断（发送缓冲器非空时写操作），硬件置位，软件清零
  55   1        MODF：SPI方式错误中断（多主方式NSS被拉低，MSTEN和SPIEN被清零）硬件置位，软件
             -清零
  56   1        RXOVRN：SPI接收溢出中断（SPI接收缓冲器接收溢出），硬件置位，软件清零
  57   1      -------------------------------------------------------------------------------------------------*/
  58   1        SetReg(SPI_CR1, SPIIF|WCOL|MODF|RXOVR,0x00);           // SPI所有中断清除
  59   1      
  60   1        SPIIE = 0;                                             // SPI中断使能
  61   1      
  62   1        SPI_CLK = 0;                                           // Fspi = Fcpu / (2*(SPI_CLK + 1)) = 6MHz
  63   1      
  64   1        SetBit(SPI_CR1, SPIEN);                               // enable SPI
  65   1      }
  66          
  67          /*-------------------------------------------------------------------------------------------------
  68            Function Name :  void SPI_SendData(uint16 Data, uint8 Channel)
  69            Description   :  SPI传输数据
  70            Input         :  Data--传输数据，uint16格式
  71            Output        :  Channel--传输通道，取值0~3
  72          -------------------------------------------------------------------------------------------------*/
  73          void SPI_SendData(uint16 Data, uint8 Channel)
  74          {
  75   1        if(!ReadBit(SPI_CR0, SPIBSY))
  76   1        {
  77   2          Data = Data >> 4 + 0x1000;
  78   2          switch(Channel)
  79   2          {
  80   3            case 0:
  81   3              Data &= 0x3fff;
  82   3              break;
  83   3            case 1:
  84   3              Data |= 0x4000;
  85   3              break;
  86   3            case 2:
  87   3              Data |= 0x8000;
  88   3              break;
  89   3            case 3:
  90   3              Data |= 0xc000;
  91   3              break;
  92   3            default:
  93   3              break;
  94   3          }
  95   2          ClrBit(SPI_CR1, NSSMOD0);
  96   2          SPI_DR = Data>>8;
  97   2          SPI_DR = Data;
  98   2          SetBit(SPI_CR1, NSSMOD0);
  99   2        }
 100   1      }


MODULE INFORMATION:   STATIC OVERLAYABLE
   CODE SIZE        =    144    ----
   CONSTANT SIZE    =   ----    ----
   XDATA SIZE       =   ----    ----
   PDATA SIZE       =   ----    ----
   DATA SIZE        =   ----    ----
   IDATA SIZE       =   ----    ----
   BIT SIZE         =   ----    ----
   EDATA SIZE       =   ----    ----
   HDATA SIZE       =   ----    ----
   XDATA CONST SIZE =   ----    ----
C51 COMPILER V9.60.7.0   SPIINIT                                                           04/03/2024 13:18:13 PAGE 3   

   FAR CONST SIZE   =   ----    ----
END OF MODULE INFORMATION.


C51 COMPILATION COMPLETE.  0 WARNING(S),  0 ERROR(S)
