C51 COMPILER V9.60.7.0   AMPINIT                                                           02/24/2024 10:04:50 PAGE 1   


C51 COMPILER V9.60.7.0, COMPILATION OF MODULE AMPINIT
OBJECT MODULE PLACED IN .\Output\AMPInit.obj
COMPILER INVOKED BY: C:\Keil_v5\C51\BIN\C51.EXE ..\User\Source\Hardware\AMPInit.c LARGE OMF2 WARNINGLEVEL(0) OPTIMIZE(5,
                    -SPEED) BROWSE INCDIR(..\Library\FU68xx_Hardware_Driver\Include;..\User\Include) DEBUG PRINT(.\Listing\AMPInit.lst) TABS(
                    -2) OBJECT(.\Output\AMPInit.obj)

line level    source

   1          /**************************** (C) COPYRIGHT 2017 Fortiortech shenzhen *****************************
   2          * File Name          : AMPInit.c
   3          * Author             : Fortiortech Appliction Team
   4          * Version            : V1.0
   5          * Date               : 01/04/2017
   6          * Description        : This file contains AMP initial function used for Motor Control.
   7          ***************************************************************************************************
   8          * All Rights Reserved
   9          **************************************************************************************************/
  10          
  11          
  12          /* Includes -------------------------------------------------------------------------------------*/
  13          #include <FU68xx_2.h>
  14          #include <Myproject.h>
  15          
  16          /*-------------------------------------------------------------------------------------------------
  17            Function Name :  void AMP_Init(void)
  18            Description   :  AMP初始化配置,使能运放电压VHALF，配置运放的电流采样正向输入，
             -反向输入和输出，包括I_BUS,I_U,I_V
  19                            并使能对应的运放
  20            Input         :  无
  21            Output        :  无
  22          -------------------------------------------------------------------------------------------------*/
  23          void AMP_Init(void)
  24          {
  25   1        /**使能VHALF电压**/
  26   1        SetBit(VREF_VHALF_CR, VHALFEN);                        // 使能VHALF  
  27   1      
  28   1        /*AMP管脚配置*/
  29   1         SetBit(P2_AN, P27);            
  30   1        SetBit(P3_AN, P30|P31);                           // AMP0--I_BUS   
  31   1      
  32   1      //  SetBit(P1_AN, P16|P17);
  33   1      //  SetBit(P2_AN, P20);                               // AMP1--I_U
  34   1      
  35   1      //  SetBit(P2_AN, P21|P22|P23);                       // AMP2--I_V
  36   1      
  37   1      //  /*运放使能*/
  38   1      //    #if (Shunt_Resistor_Mode == Single_Resistor)  //单电阻电流采样            
  39   1      //    {
  40   1            SetBit(AMP_CR, AMP0EN);
  41   1      //    }
  42   1      //    #else                                          //双/三电阻电流采样
  43   1      //    {
  44   1      //       SetBit(AMP_CR, AMP0EN|AMP1EN|AMP2EN);       // 使能运放0、1、2 
  45   1      //    }
  46   1      //    #endif
  47   1      }


MODULE INFORMATION:   STATIC OVERLAYABLE
   CODE SIZE        =     27    ----
   CONSTANT SIZE    =   ----    ----
C51 COMPILER V9.60.7.0   AMPINIT                                                           02/24/2024 10:04:50 PAGE 2   

   XDATA SIZE       =   ----    ----
   PDATA SIZE       =   ----    ----
   DATA SIZE        =   ----    ----
   IDATA SIZE       =   ----    ----
   BIT SIZE         =   ----    ----
   EDATA SIZE       =   ----    ----
   HDATA SIZE       =   ----    ----
   XDATA CONST SIZE =   ----    ----
   FAR CONST SIZE   =   ----    ----
END OF MODULE INFORMATION.


C51 COMPILATION COMPLETE.  0 WARNING(S),  0 ERROR(S)
