C51 COMPILER V9.60.7.0   RPD                                                               04/03/2024 13:54:56 PAGE 1   


C51 COMPILER V9.60.7.0, COMPILATION OF MODULE RPD
OBJECT MODULE PLACED IN .\Output\RPD.obj
COMPILER INVOKED BY: C:\Keil_v5\C51\BIN\C51.EXE ..\User\Source\Function\RPD.c LARGE OMF2 WARNINGLEVEL(0) OPTIMIZE(5,SPEE
                    -D) BROWSE INCDIR(..\Library\FU68xx_Hardware_Driver\Include;..\User\Include) DEBUG PRINT(.\Listing\RPD.lst) TABS(2) OBJEC
                    -T(.\Output\RPD.obj)

line level    source

   1          /******************** (C) COPYRIGHT 2017 Fortiortech shenzhen******************
   2          * File Name          : RPD.c
   3          * Author             : Fortiortech  Appliction Team
   4          * Version            : V1.0
   5          * Date               : 10-Apr-2017
   6          * Description        : This file contains init position detection used for
   7          *                      Motor Control.
   8          ********************************************************************************
   9          * All Rights Reserved
  10          *
  11          *******************************************************************************/
  12          #include <FU68xx_2.h>
  13          #include <Myproject.h>
  14          
  15          /* Private define -------------------------------------------------------------------------------*/
  16          
  17          RPD_TypeDef RPD_Status;
  18          RPD_Param_TypeDef RPDPara;
  19          
  20          void RPD_Init(void)
  21          {
  22   1        RPD_Status=RPD_0;
  23   1      //  RPDPara.insertFlag=0;
  24   1        RPDPara.DetectCount[0] = 0;
  25   1        RPDPara.DetectCount[1] = 0;
  26   1        RPDPara.DetectCount[2] = 0;
  27   1        RPDPara.DetectCount[3] = 0;
  28   1        RPDPara.DetectCount[4] = 0;
  29   1        RPDPara.DetectCount[5] = 0;
  30   1        RPDPara.DetectCount[6] = 0;
  31   1        RPDPara.DetectCount[7] = 0;
  32   1        RPDPara.InsetCount[0] = 0;
  33   1        RPDPara.InsetCount[1] = 0;
  34   1        RPDPara.InsetCount[2] = 0;
  35   1        RPDPara.InsetCount[3] = 0;
  36   1        RPDPara.InsetCount[4] = 0;
  37   1        RPDPara.InsetCount[5] = 0;
  38   1        RPDPara.InsetCount[6] = 0;
  39   1        RPDPara.InsetCount[7] = 0;
  40   1        RPDPara.U_Offset   = (mcCurOffset.IuOffset-16383)>>6;
  41   1        RPDPara.V_Offset   = (mcCurOffset.IvOffset-16383)>>6;
  42   1        RPDPara.W_Offset   = (mcCurOffset.Iw_busOffset-16383)>>6;
  43   1        RPDPara.injectmin=0;
  44   1        RPDPara.injectmid=0;
  45   1        RPDPara.ThetaGet =0xFF;
  46   1        RPDPara.injecttimes=0;
  47   1      
  48   1      }
  49          
  50          /*---------------------------------------------------------------------------*/
  51          /* Name    :  void Time2_RPD_Init(void)
  52          /* Input  :  NO
  53          /* Output  :  NO
C51 COMPILER V9.60.7.0   RPD                                                               04/03/2024 13:54:56 PAGE 2   

  54          /* Description:  RPD对应Time2的初始化
  55          /*---------------------------------------------------------------------------*/
  56          void Time2_RPD_Init(void)
  57          {
  58   1        /*-------------------------------------------------------------------------------------------------
  59   1        先停止计数，配置完寄存器后，最后启动计数
  60   1      -------------------------------------------------------------------------------------------------*/
  61   1        ClrBit(TIM2_CR1, T2EN);                                 // 0，停止计数；1,使能计数
  62   1      
  63   1      /*-------------------------------------------------------------------------------------------------
  64   1        时钟分频设置(TIM2_PSC)
  65   1        000:cpuclk(24MHz)      001:cpuclk/2^1(12MHz)  010:cpuclk/2^2(6MHz)  011:cpuclk/2^3(3MHz)
  66   1        100:cpuclk/2^4(1.5MHz)  101:cpuclk/2^5(750KHz)  110:cpuclk/2^6(375KHz)  111:cpuclk/2^7(187.5KHz)
  67   1      -------------------------------------------------------------------------------------------------*/
  68   1          #if (InjectTime == Short_Inject)
  69   1          {
  70   2            SetReg(TIM2_CR0, T2PSC0 | T2PSC1 | T2PSC2, 0x00);
  71   2          }
  72   1          #elif (InjectTime == Long_Inject)
                  {
                    SetReg(TIM2_CR0, T2PSC0 | T2PSC1 | T2PSC2, T2PSC0);
                  }
                  #endif
  77   1      
  78   1        /*-------------------------------------------------------------------------------------------------
  79   1        /模式选择
  80   1        TIM2_MOD1，TIM2_MOD0
  81   1        00--输入Timer模式；01--输出模式
  82   1        10--输入Count模式；11--QEP或者RSD模式
  83   1      -------------------------------------------------------------------------------------------------*/
  84   1        SetReg(TIM2_CR0, T2MOD0 | T2MOD1, T2MOD0);
  85   1      
  86   1        SetBit(TIM2_CR1, T2FE);                               // 滤波使能
  87   1      /*-------------------------------------------------------------------------------------------------
  88   1        清除中断标志位
  89   1        不配置中断
  90   1      -------------------------------------------------------------------------------------------------*/
  91   1        ClrBit(TIM2_CR1, T2IR | T2IP | T2IF);
  92   1      
  93   1      
  94   1        ClrBit(TIM2_CR0, T2IRE | T2CES);                     // QEP&RSD方向改变事件
  95   1        ClrBit(TIM2_CR1, T2IPE | T2IFE);                     // 清零上升沿检测中断
  96   1      
  97   1      /*-------------------------------------------------------------------------------------------------
  98   1        配置周期值、比较值、计数值
  99   1        禁止PWM周期检测中断使能
 100   1        使能计数器上溢中断使能
 101   1      -------------------------------------------------------------------------------------------------*/
 102   1        TIM2__CNTR = 0;
 103   1        TIM2__ARR = 0xFFFF;
 104   1      
 105   1      }
 106          void RPD (void)
 107          {
 108   1        if(mcFocCtrl.State_Count == 0)                       // RPD每拍执行时间
 109   1        {
 110   2          if(McStaSet.SetFlag.PosiCheckSetFlag  ==0)// 初始化RPD配置
 111   2          {
 112   3            McStaSet.SetFlag.PosiCheckSetFlag =1;
 113   3            RPD_Init();                         // RPD变量初始化
 114   3            Time2_RPD_Init();                   // RPD的Time2初始化
 115   3            SetBit(PI_LPF_CR, T2RPD);            // 使能RPD,即当比较器3产生中断，对应的Time2的
C51 COMPILER V9.60.7.0   RPD                                                               04/03/2024 13:54:56 PAGE 3   

             -数器的数据会保存，关闭MOE，停止TIM2计数
 116   3            MOE = 0;                            // 关闭MOE
 117   3            DRV_DR = DRV_ARR+1;
 118   3            ClrBit(DRV_CR, OCS);                // 计数器比较值来源，0-方波；1-FOC,SVPWM,SPWM
 119   3            SetBit(DAC_CR, DACEN);              // 使能DAC
 120   3            SetBit(DAC_CR, DACMOD);             // 0: 正常模式，DAC输出电压范围为0到VREF。1: 半
             -压转换模式，DAC输出电压范围为VHALF到VREF。
 121   3            #if (Shunt_Resistor_Mode != Three_Resistor)
 122   3            {
 123   4              DAC_DR = DAC_RPDCurValue;
 124   4            }
 125   3            #endif
 126   3          }
 127   2            MOE = 0;                            // 关闭MOE
 128   2            ClrBit(TIM2_CR1, T2EN);               // 关闭TIM2
 129   2            TIM2__CNTR=0;                       // TIM2计数值清零
 130   2            RPD_Inject();                        // RPD注入的时序及角度判断
 131   2            if(RPD_Status!=RPD_7)
 132   2            {
 133   3              MOE = 1;                          // 打开MOE
 134   3              SetBit(TIM2_CR1, T2EN);            // 启动TIM2,确保每拍使能的时间相同
 135   3            }
 136   2            else
 137   2            {
 138   3              DRV_CMR &= 0xFFC0;
 139   3              mcFocCtrl.mcPosCheckAngle=_Q15((float)RPDPara.ThetaGet/180.0);
 140   3              mcState = mcAlign;
 141   3              mcFocCtrl.State_Count = Align_Time;
 142   3              /******************************
 143   3              0: 正常模式，DAC输出电压范围为0到VREF，适用于硬件过流保护
 144   3              1: 半电压转换模式，DAC输出电压范围为VHALF到VREF
 145   3              ****************************/
 146   3              ClrBit(DAC_CR, DACMOD );
 147   3              /**********设置DAC过流值*****************/
 148   3              DAC_DR = DAC_OvercurrentValue;
 149   3            }
 150   2      
 151   2          mcFocCtrl.State_Count=RPD_Time;           // RPD每拍执行时间
 152   2        }
 153   1      }
 154          


MODULE INFORMATION:   STATIC OVERLAYABLE
   CODE SIZE        =    436    ----
   CONSTANT SIZE    =   ----    ----
   XDATA SIZE       =     44    ----
   PDATA SIZE       =   ----    ----
   DATA SIZE        =   ----    ----
   IDATA SIZE       =   ----    ----
   BIT SIZE         =   ----    ----
   EDATA SIZE       =   ----    ----
   HDATA SIZE       =   ----    ----
   XDATA CONST SIZE =   ----    ----
   FAR CONST SIZE   =   ----    ----
END OF MODULE INFORMATION.


C51 COMPILATION COMPLETE.  0 WARNING(S),  0 ERROR(S)
