C51 COMPILER V9.60.7.0   USERMAIN                                                          04/03/2024 13:54:55 PAGE 1   


C51 COMPILER V9.60.7.0, COMPILATION OF MODULE USERMAIN
OBJECT MODULE PLACED IN .\Output\UserMain.obj
COMPILER INVOKED BY: C:\Keil_v5\C51\BIN\C51.EXE ..\User\Source\UserFiles\UserMain.c LARGE OMF2 WARNINGLEVEL(0) OPTIMIZE(
                    -5,SPEED) BROWSE INCDIR(..\Library\FU68xx_Hardware_Driver\Include;..\User\Include) DEBUG PRINT(.\Listing\UserMain.lst) TA
                    -BS(2) OBJECT(.\Output\UserMain.obj)

line level    source

   1          
   2          /* Includes -------------------------------------------------------------------------------------*/
   3          #include <FU68xx_2.h>
   4          #include <Myproject.h>
   5          #include <Customer_Debug.h>
   6          
   7          #include <UserGlobal.h>
   8          #include <UserDefine.h>
   9          
  10          /* Private typedef ------------------------------------------------------------------------------*/
  11          /* Private define -------------------------------------------------------------------------------*/
  12          /* Private macro --------------------------------------------------------------------------------*/
  13          /* Private variables ----------------------------------------------------------------------------*/
  14          /* Private function prototypes ------------------------------------------------------------------*/
  15          /* Private functions ----------------------------------------------------------------------------*/
  16          
  17          extern u8  Loop1msFlag;
  18          extern u8  Loop10msFlag;
  19          extern u16 IbusADCOffset;
  20          extern s16 idata Vsp_Q12;
  21          
  22          uint16 PowerUpCnt;
  23          /*-------------------------------------------------------------------------------------------------
  24            Function Name : void main(void)
  25            Description   : 主函数主要功能是初始化，包括上电等待，软件初始化，硬件初始化，调试模式设置，主循环扫描。
  26                                        软件初始化--初始化所有定义的变量
  27                                        硬件初始化--初始化硬件设备配置
  28                                        调试模式设置--调试模式
  29            Input         : 无
  30            Output        : 无
  31          -------------------------------------------------------------------------------------------------*/
  32          void main(void)
  33          {
  34   1      
  35   1        u8  xdata *addr_x;
  36   1        u8  idata *addr_i;
  37   1      
  38   1        /*Wait For Power Up*/
  39   1      //  for(PowerUpCnt=0;PowerUpCnt<SystemPowerUpTime;PowerUpCnt++)
  40   1      //  {}
  41   1        
  42   1        PowerUpCnt = 0;
  43   1        while(PowerUpCnt++ < SystemPowerUpTime)
  44   1        {;}
  45   1      
  46   1        for(addr_i = 0x0030; addr_i < 0x00FF; addr_i++)   // IRAM：0x30 - 0xFF (不可 <= )
  47   1          *addr_i = 0;
  48   1          
  49   1        // 清空IRAM及XRAM，全部归零
  50   1        for(addr_x = 0x0000; addr_x <= 0x02FF; addr_x++)  // XRAM：6818: 0 - 0x0FFF , 6861: 0 - 0x02FF
  51   1          *addr_x = 0;
  52   1       
  53   1      //  addr_i = 0x00FF;
C51 COMPILER V9.60.7.0   USERMAIN                                                          04/03/2024 13:54:55 PAGE 2   

  54   1      //  *addr_i = 0;
  55   1      
  56   1        *(uint8 idata *)0x00FF = 0;
  57   1          
  58   1        //--------------------------------------------------------------------------//
  59   1        /*Software Init*/
  60   1        /*****初始化所有定义的参数变量*****/
  61   1        MotorcontrolInit();
  62   1      
  63   1        /*****按键初始化*****/
  64   1      //  KeyInit();             //上电读取flash里面按键值
  65   1      
  66   1        /****电机初始状态为mcReady，故障保护为无故障******/
  67   1        mcState = mcReady;
  68   1        mcFaultSource = FaultNoSource;
  69   1          
  70   1        // 吹风筒用户Flash参数读取
  71   1        #if (COMMAND_MODE == CMD_MODE_DRYER_KEYS)
  72   1          #if (FLASH_SAVE_ENABLE == 0)
                    DryerKeysDefault();
                  #else
  75   1            DryerFlashInit();
  76   1          #endif
  77   1          
  78   1          CalSpeedStepToCmd();
  79   1          CalHeatStepToCmd();
  80   1          CalCoolLvToCmd();
  81   1        #endif
  82   1        
  83   1        //--------------------------------------------------------------------------//
  84   1        /*Hardware Init*/
  85   1        // 为提高芯片的抗干扰能力，降低芯片功耗，请在具体项目时，将不需要用的GPIO默认都配置为输入上拉。
  86   1        // 具体配置可在GPIO_Default_Init设置。
  87   1        //    GPIO_Default_Init();
  88   1        
  89   1        //Sleepmode_Init();
  90   1      
  91   1        /******硬件FO过流，比较器初始化，用于硬件过流比较保护******/
  92   1        #if (HardwareCurrent_Protect == Hardware_FO_Protect)                //外部中断初始化，用于外部中断硬件过
             -流FO的保护
                EXTI_Init();
                #elif (HardwareCurrent_Protect == Hardware_CMP_Protect)             //选择比较过流，比较器初始化
  95   1        CMP3_Init();
  96   1        #elif (HardwareCurrent_Protect == Hardware_FO_CMP_Protect)          //两者都选择
                EXTI_Init();
                CMP3_Init();
                #endif
 100   1      
 101   1        /*****功能IO初始化*************/
 102   1        GPIO_Init();
 103   1        
 104   1        /*****运算放大器初始化*********/
 105   1        AMP_Init();
 106   1      
 107   1        /*****ADC初始化***************/
 108   1        ADC_Init();
 109   1        
 110   1        /*****比较器中断配置**********/
 111   1        CMP3_Inter_Init();                                                  // 建议和比较器初始化间隔一段时间
 112   1      
 113   1        /*****Driver初始化***********/
 114   1        Driver_Init();
C51 COMPILER V9.60.7.0   USERMAIN                                                          04/03/2024 13:54:55 PAGE 3   

 115   1      
 116   1        /*****过零检测外部中断初始化***/
 117   1        ZeroCrossing_Init();
 118   1        
 119   1        /*****UART初始化*************/
 120   1        #if (COMMAND_MODE == CMD_MODE_UART)
                UART_Init();                                                        // P05-TX P06-RX
                UARTDataInit();
                #endif
 124   1      
 125   1      //  #if defined (SPI_DBG_HW) | defined (SPI_DBG_SW)                   // 调试模式
 126   1      //  SPI_Init();                                                       //调试模式下，占用SPI端口的NSS(GP04)
             -,MOSI(GP05),SCK(GP06)
 127   1      //  #endif
 128   1        
 129   1        // 用户参数赋值
 130   1        UserParas();
 131   1        
 132   1        /*****Timer初始化***********/
 133   1      //  TIM2_Init();                                                      //端口GP07 & GP10
 134   1      //  TIM3_Init();                                                      //控制发热丝
 135   1      //  TIM4_Init();                                                      //检测光耦偏差
 136   1        TIM1ms_Init();                                                      //采用1ms定时器中断作为常见中断,处理
             -故障保护等附加功能
 137   1        
 138   1        //--------------------------------------------------------------------------//
 139   1        //主循环
 140   1        while(1)
 141   1        {
 142   2          if(mcCurOffset.OffsetFlag == 0)
 143   2          {
 144   3            GetCurrentOffset();                                             // 电流偏置的获取
 145   3            
 146   3            //IBusSmpOffset = (IBusSmpOffset + ((ADC3_DR&0x0fff)<<3))>>1;
 147   3      
 148   3            if(mcCurOffset.OffsetFlag == 1)
 149   3            {
 150   4              mcCurOffset.OffsetCount = 0;
 151   4              IbusADCOffset = mcCurOffset.Iw_busOffset;
 152   4            }
 153   3          }
 154   2          else
 155   2          {
 156   3            // 每1ms执行一次
 157   3            if(Loop1msFlag == 1)
 158   3            {
 159   4              Loop1msFlag = 0;
 160   4              
 161   4              LoopProPer1ms();
 162   4              
 163   4              #if (COMMAND_MODE == CMD_MODE_DRYER_KEYS)
 164   4              DryerPer1ms();
 165   4              #endif
 166   4              //
 167   4              // 每10ms执行一次
 168   4              if(Loop10msFlag == 1)
 169   4              {
 170   5                Loop10msFlag = 0;
 171   5                CommandPer10ms();
 172   5              }
 173   4              
 174   4              // 由VSP的值，确定Start或Stop状态
C51 COMPILER V9.60.7.0   USERMAIN                                                          04/03/2024 13:54:55 PAGE 4   

 175   4              if(Vsp_Q12 >= VSP_ON_Q12)                 //运行
 176   4              {
 177   5                mcSpeedRamp.FlagONOFF = 1;
 178   5                mcSpeedRamp.TargetValue = 1;
 179   5              }
 180   4              else if(Vsp_Q12 < VSP_OFF_Q12)            //停机
 181   4              {
 182   5                mcSpeedRamp.FlagONOFF = 0;
 183   5                mcSpeedRamp.TargetValue = 0;
 184   5              }
 185   4              
 186   4              /* 主控函数，状态扫描 1kHz */
 187   4              MC_Control();
 188   4      
 189   4              //环路响应，如速度环、转矩环、功率环等
 190   4              Regulation();
 191   4      
 192   4              // 状态存储
 193   4              #if ((FLASH_SAVE_ENABLE == 1)&&(COMMAND_MODE == CMD_MODE_DRYER_KEYS))
 194   4              FlashLoopPro();
 195   4              #endif
 196   4              
 197   4              #if (COMMAND_MODE == CMD_MODE_UART)
                      UARTPer1ms();
                      #endif
 200   4            }
 201   3          }
 202   2        }
 203   1      }


MODULE INFORMATION:   STATIC OVERLAYABLE
   CODE SIZE        =    258    ----
   CONSTANT SIZE    =   ----    ----
   XDATA SIZE       =      2    ----
   PDATA SIZE       =   ----    ----
   DATA SIZE        =   ----    ----
   IDATA SIZE       =   ----    ----
   BIT SIZE         =   ----    ----
   EDATA SIZE       =   ----    ----
   HDATA SIZE       =   ----    ----
   XDATA CONST SIZE =   ----    ----
   FAR CONST SIZE   =   ----    ----
END OF MODULE INFORMATION.


C51 COMPILATION COMPLETE.  0 WARNING(S),  0 ERROR(S)
