C51 COMPILER V9.60.7.0   USERSIGNAL                                                        02/24/2024 10:00:30 PAGE 1   


C51 COMPILER V9.60.7.0, COMPILATION OF MODULE USERSIGNAL
OBJECT MODULE PLACED IN .\Output\UserSignal.obj
COMPILER INVOKED BY: C:\Keil_v5\C51\BIN\C51.EXE ..\User\Source\UserFiles\UserSignal.c LARGE OMF2 WARNINGLEVEL(0) OPTIMIZ
                    -E(5,SPEED) BROWSE INCDIR(..\Library\FU68xx_Hardware_Driver\Include;..\User\Include) DEBUG PRINT(.\Listing\UserSignal.lst
                    -) TABS(2) OBJECT(.\Output\UserSignal.obj)

line level    source

   1          ///**************************** (C) COPYRIGHT 2015 Fortiortech shenzhen *****************************
   2          //* File Name          : Main.c
   3          //* Author             : Fortiortech Appliction Team
   4          //* Version            : V1.0
   5          //* Date               : 01/07/2015
   6          //* Description        : This file contains main function used for Motor Control.
   7          //***************************************************************************************************
   8          //* All Rights Reserved
   9          //**************************************************************************************************/ 
  10          
  11          
  12          /* Includes -------------------------------------------------------------------------------------*/
  13          #include <FU68xx_2.h>
  14          #include <Myproject.h>
  15          #include <Customer_Debug.h>
  16          
  17          #include <UserGlobal.h>
  18          #include <UserDefine.h>
  19          
  20          /* Private typedef ------------------------------------------------------------------------------*/
  21          /* Private define -------------------------------------------------------------------------------*/
  22          /* Private macro --------------------------------------------------------------------------------*/
  23          /* Private variables ----------------------------------------------------------------------------*/
  24          /* Private function prototypes ------------------------------------------------------------------*/
  25          void CalMaxRPM(void);
  26          /* Private functions ----------------------------------------------------------------------------*/
  27          
  28          #define FG_OUT          GP01 // OLD     //GP07 // NEW
  29          #define LED_OUT         GP02 
  30          
  31          //void  *ClearStruct  (void *s, size_t n)
  32          //{
  33          //  size_t cnt;
  34          //  u8  *RamAddress;
  35          //  
  36          //  RamAddress = s;
  37          //  for(cnt = 0;cnt<n;cnt++)
  38          //  {
  39          //    *(RamAddress+cnt) = 0;
  40          //  }
  41          //}
  42          
  43          #if (FG_ENABLE == 1)
              //----------------------------------------------------------------------------//
              // 说明：FG信号，此时非运行状态、FOC中断关闭，在main中处理FG信号
              void FGInMain(void)
              {
                if((mcState != mcRun)&&(mcState != mcTailWind))
                {
                  if(AlarmFlag == 0)
                    FG_OUT = 0;
                  else
                    FG_OUT = 1;
C51 COMPILER V9.60.7.0   USERSIGNAL                                                        02/24/2024 10:00:30 PAGE 2   

                }
              }
              
              //----------------------------------------------------------------------------//
              // 说明：FG信号，此时运行状态、FOC中断，在FOC中断中处理FG信号
              u8 RotorIndexLv;
              void FGInISR(void)
              {
                if((mcState == mcRun)||(mcState == mcTailWind))
                {
                  // 二选一
                  // -------------------------------------- //
                  // 1. 电角度360对应一个方波周期
              //    if(FOC_THETA < 32767)
              //    {
              //      FG_OUT = 0;
              //    }
              //    else
              //    {
              //      FG_OUT = 1;
              //    }
                  // ◆--------------------------------------◆ //
                  // 2. 电角度360对应2个方波周期
                  if(RotorIndexLv == 0)
                  {
                    if(FOC__THETA < 16384)
                    {
                      RotorIndexLv = 1;
                      
                      FG_OUT = ~FG_OUT;
                    }
                  }
                  else if(RotorIndexLv == 1)
                  {
                    if((FOC__THETA > 32768)&&(FOC__THETA < 49152))
                      RotorIndexLv = 0;
                  }
                  // ▲--------------------------------------▲ //
                }
              }
              #endif
  95          
  96          //----------------------------------------------------------------------------//
  97          // 说明：故障状态脉宽输出
  98          //void AlarmPulseOut(void)
  99          //{
 100          //  // 状态脉宽输出 0% ?? 20%欠压 40%过电流  60%卡住 60%过温 80%超速 100%正常，如同时发生，以下优先级进行
 101          //  if(AlarmFlag == 0)
 102          //    TIM5_DR = 24000*0;
 103          //  else if((AlarmFlag & 0x01) == 0x01)  // 硬件过流
 104          //    TIM5_DR = 24000*0.4;
 105          //  else if((AlarmFlag & 0x02) == 0x02)  // 软件过流
 106          //    TIM5_DR = 24000*0.4;
 107          //  else if((AlarmFlag & 0x04) == 0x04)  // 过压
 108          //    TIM5_DR = 24000*0.2;
 109          //  else if((AlarmFlag & 0x08) == 0x08)  // 欠压
 110          //    TIM5_DR = 24000*0.2;
 111          //  else if((AlarmFlag & 0x10) == 0x10)  // 高温
 112          //    TIM5_DR = 24000*0.6;
 113          //  else if((AlarmFlag & 0x20) == 0x20)  // 超速
 114          //    TIM5_DR = 24000*0.9;
 115          //  else if((AlarmFlag & 0x40) == 0x40)  // 卡住
C51 COMPILER V9.60.7.0   USERSIGNAL                                                        02/24/2024 10:00:30 PAGE 3   

 116          //    TIM5_DR = 24000*0.8;
 117          //}
 118          
 119          extern u8  LowVoltLv;
 120          idata u16 TermTmr;
 121          bit LightTurn;
 122          
 123          //u8  LEDTmrX1ms;
 124          //u8  LEDTmrX10ms;
 125          //u8  LEDDuty;
 126          //u8  LEDTo10msTmr;
 127          //u8  LEDMiniPrdTmr;
 128          //u8  LEDStage;
 129          //u8  LEDFltCode;
 130          //u8  ChargeVoltLevel;
 131          //u8  RunVoltLevel;
 132          //u8  LEDSparkTerm;
 133          
 134          u8  SparkErrCode;
 135          u8  SparkErrStep;
 136          
 137          //----------------------------------------------------------------------------//
 138          // 说明：故障显示1，根据故障情况确定闪烁次数
 139          //void LEDFaultSpark(void)
 140          //{
 141          //  //----------------------------------//
 142          ////  if(++TermTmr >= 200)
 143          ////  {
 144          ////    TermTmr = 0;
 145          ////    LightTurn = ~LightTurn;
 146          ////  }
 147          ////  
 148          ////  LED1 = LightTurn;
 149          ////  LED2 = LightTurn;
 150          ////  LED3 = LightTurn;
 151          //  
 152          //  //----------------------------------//
 153          //  if(SparkErrStep < SparkErrCode)
 154          //  {
 155          //    if(TermTmr <= 250)
 156          //      LightTurn = 1;
 157          //    else
 158          //      LightTurn = 0;
 159          //  }
 160          //  else
 161          //    LightTurn = 1;
 162          //  
 163          //  if(++TermTmr >= 300)
 164          //  {
 165          //    TermTmr = 0;
 166          //    
 167          //    if(++SparkErrStep > SparkErrCode)
 168          //      SparkErrStep = 0;
 169          
 170          //    if(AlarmFlag > 0)
 171          //    {
 172          //      if(AlarmHardBeark == 1)
 173          //        SparkErrCode = 2;
 174          //      else if(AlarmOverCurrent == 1)
 175          //        SparkErrCode = 3;
 176          //      else if(AlarmHighVolt == 1)
 177          //        SparkErrCode = 4;
C51 COMPILER V9.60.7.0   USERSIGNAL                                                        02/24/2024 10:00:30 PAGE 4   

 178          //      else if(AlarmLowVolt == 1)
 179          //        SparkErrCode = 5;
 180          //      else if(AlarmHighTemper == 1)
 181          //        SparkErrCode = 6;
 182          //      else if(AlarmHighSpeed == 1)
 183          //        SparkErrCode = 7;
 184          //      else if(AlarmStuck == 1)
 185          //        SparkErrCode = 8;
 186          //      else if(AlarmPhaseLoss == 1)
 187          //        SparkErrCode = 9;
 188          //    }
 189          //    else if(LowVoltLv == 0)
 190          //      SparkErrCode = 5;
 191          //    else
 192          //      SparkErrCode = 0;
 193          //  }
 194          //  
 195          //  LED = LightTurn;
 196          //}
 197          
 198          //----------------------------------------------------------------------------//
 199          // 说明：故障显示2，分长亮短亮，以区分更多故障
 200          u8  SparkErrCodeH;
 201          u8  SparkErrCodeL;
 202          u16 SparkClock;
 203          u16 SparkBlinkPrd;
 204          u16 SparkOnPrd;
 205          u8  SparkStepSum;
 206          void LEDFaultSpark(void)
 207          {
 208   1      //  if(SparkClock == 0)
 209   1      //  {
 210   1      //    if(AlarmFlag > 0)
 211   1      //    {
 212   1      //      if((AlarmFlag & 0x0F) > 0)
 213   1      //      {
 214   1      //        SparkErrCodeH = 1;
 215   1      //        
 216   1      //        if(AlarmHardBeark == 1)
 217   1      //          SparkErrCodeL = 1;
 218   1      //        else if(AlarmOverCurrent == 1)
 219   1      //          SparkErrCodeL = 2;
 220   1      //        else if(AlarmHighVolt == 1)
 221   1      //          SparkErrCodeL = 3;
 222   1      //        else if(AlarmLowVolt == 1)
 223   1      //          SparkErrCodeL = 4;
 224   1      //      }
 225   1      //      else
 226   1      //      {
 227   1      //        SparkErrCodeH = 2;
 228   1      //        
 229   1      //        if(AlarmHighTemper == 1)
 230   1      //          SparkErrCodeL = 1;
 231   1      //        else if(AlarmHighSpeed == 1)
 232   1      //          SparkErrCodeL = 2;
 233   1      //        else if(AlarmStuck == 1)
 234   1      //          SparkErrCodeL = 3;
 235   1      //        else if(AlarmPhaseLoss == 1)
 236   1      //          SparkErrCodeL = 4;
 237   1      //      }
 238   1      //    }
 239   1      //    else if(LowVoltLv == 0)
C51 COMPILER V9.60.7.0   USERSIGNAL                                                        02/24/2024 10:00:30 PAGE 5   

 240   1      //    {
 241   1      //      SparkErrCodeH = 1;
 242   1      //      SparkErrCodeL = 4;
 243   1      //    }
 244   1      //    else
 245   1      //    {
 246   1      //      SparkErrCodeH = 1;
 247   1      //      SparkErrCodeL = 0;
 248   1      //    }
 249   1      //  }
 250   1      //  
 251   1      //  SparkStepSum = SparkErrCodeH + 1 + SparkErrCodeL;
 252   1      //  if(SparkErrStep < SparkErrCodeH)
 253   1      //  {
 254   1      //    SparkBlinkPrd = 500;
 255   1      //    SparkOnPrd = 200;
 256   1      //  }
 257   1      //  else if(SparkErrStep < (SparkErrCodeH+1))
 258   1      //  {
 259   1      //    SparkBlinkPrd = 300;
 260   1      //    SparkOnPrd = 0;
 261   1      //  }
 262   1      //  else if(SparkErrStep < SparkStepSum)
 263   1      //  {
 264   1      //    SparkBlinkPrd = 300;
 265   1      //    SparkOnPrd = 50;
 266   1      //  }
 267   1      //  else //if(SparkErrStep = SparkShortSite)
 268   1      //  {
 269   1      //    SparkBlinkPrd = 200;
 270   1      //    SparkOnPrd = 0;
 271   1      //  }
 272   1      
 273   1      //  SparkClock++;
 274   1      //  
 275   1      //  if(SparkClock < SparkOnPrd)
 276   1      //    LightTurn = 1;
 277   1      //  else if(SparkClock < SparkBlinkPrd)
 278   1      //    LightTurn = 0;
 279   1      //  else
 280   1      //  {
 281   1      //    SparkClock = 0;
 282   1      
 283   1      //    if(++SparkErrStep > SparkStepSum)
 284   1      //    {
 285   1      //      SparkErrStep = 0;
 286   1      //    }
 287   1      //  }
 288   1      
 289   1      //  LED_OUT = ~LightTurn;
 290   1      }
 291          
 292          //void LEDShow(void)
 293          //{
 294          //  if(LEDTmrX1ms <= LEDDuty)
 295          //    LED = 1;
 296          //  else
 297          //    LED = 0;
 298          //;
 299          //  if(++LEDTmrX1ms >= 20)
 300          //  {
 301          //    LEDTmrX1ms = 0;
C51 COMPILER V9.60.7.0   USERSIGNAL                                                        02/24/2024 10:00:30 PAGE 6   

 302          //  
 303          //    if(++LEDTmrX10ms == 2)
 304          //    {
 305          //      LEDTmrX10ms = 0;
 306          //      
 307          //      
 308          //      if(++LEDDuty >= 20)
 309          //        LEDDuty = 0;
 310          //    }
 311          //  }
 312          //}
 313          


MODULE INFORMATION:   STATIC OVERLAYABLE
   CODE SIZE        =      1    ----
   CONSTANT SIZE    =   ----    ----
   XDATA SIZE       =     11    ----
   PDATA SIZE       =   ----    ----
   DATA SIZE        =   ----    ----
   IDATA SIZE       =      2    ----
   BIT SIZE         =      1    ----
   EDATA SIZE       =   ----    ----
   HDATA SIZE       =   ----    ----
   XDATA CONST SIZE =   ----    ----
   FAR CONST SIZE   =   ----    ----
END OF MODULE INFORMATION.


C51 COMPILATION COMPLETE.  0 WARNING(S),  0 ERROR(S)
